Added Component: Designator=J3(TE NC6-P108-02)
Add component (AddParameter): Name = "Barrier Type"; Value = "2 Wall (Dual)"; VariantName = "[No Variations]"
Add component (AddParameter): Name = "Bottom Termination"; Value = "PC Pin"; VariantName = "[No Variations]"
Add component (AddParameter): Name = "Color"; Value = "Black"; VariantName = "[No Variations]"
Add component (AddParameter): Name = "ComponentLink1Description"; Value = "Datasheet"; VariantName = "[No Variations]"
Add component (AddParameter): Name = "ComponentLink1URL"; Value = "https://www.te.com/commerce/DocumentDelivery/DDEController?Action=srchrtrv&DocNm=3-1437664-0&DocType=Customer+Drawing&DocLang=English"; VariantName = "[No Variations]"
Add component (AddParameter): Name = "ComponentLink2Description"; Value = "DigiKey Link"; VariantName = "[No Variations]"
Add component (AddParameter): Name = "ComponentLink2URL"; Value = "http://digikey.com/product-detail/en/te-connectivity-amp-connectors/NC6-P108-02/A98495-ND/1277926"; VariantName = "[No Variations]"
Add component (AddParameter): Name = "Current Rating (Amps)"; Value = "20A"; VariantName = "[No Variations]"
Add component (AddParameter): Name = "LastUpdated"; Value = "15.01.2020 04:11:24"; VariantName = "[No Variations]"
Add component (AddParameter): Name = "Lifecycle Status"; Value = "Active"; VariantName = "[No Variations]"
Add component (AddParameter): Name = "Manufacturer"; Value = "TE Connectivity AMP Connectors"; VariantName = "[No Variations]"
Add component (AddParameter): Name = "Minimum Order"; Value = "1"; VariantName = "[No Variations]"
Add component (AddParameter): Name = "Number of Circuits"; Value = "2"; VariantName = "[No Variations]"
Add component (AddParameter): Name = "Number of Rows"; Value = "1"; VariantName = "[No Variations]"
Add component (AddParameter): Name = "Number of Wire Entries"; Value = "2"; VariantName = "[No Variations]"
Add component (AddParameter): Name = "Packaging"; Value = "Bulk"; VariantName = "[No Variations]"
Add component (AddParameter): Name = "Part Number"; Value = "NC6-P108-02"; VariantName = "[No Variations]"
Add component (AddParameter): Name = "Part Status"; Value = "Active"; VariantName = "[No Variations]"
Add component (AddParameter): Name = "Pitch"; Value = "0.375" (9.53mm)"; VariantName = "[No Variations]"
Add component (AddParameter): Name = "Price"; Value = "1.56"; VariantName = "[No Variations]"
Add component (AddParameter): Name = "Series"; Value = "NC6, Buchanan"; VariantName = "[No Variations]"
Add component (AddParameter): Name = "Supplier 1"; Value = "DigiKey"; VariantName = "[No Variations]"
Add component (AddParameter): Name = "Supplier Part Number 1"; Value = "A98495-ND"; VariantName = "[No Variations]"
Add component (AddParameter): Name = "Terminal Block Type"; Value = "Barrier Block"; VariantName = "[No Variations]"
Add component (AddParameter): Name = "Top Termination"; Value = "Screws with Captive Plate"; VariantName = "[No Variations]"
Add component (AddParameter): Name = "Voltage Rating"; Value = "300V"; VariantName = "[No Variations]"
Add component (AddParameter): Name = "Wire Gauge"; Value = "12-22 AWG"; VariantName = "[No Variations]"
Added Pin To Net: NetName=3v3 Pin=J3-1
Added Pin To Net: NetName=+5 Pin=J3-2
Added Member To Class: ClassName=Sheet1 Member=Component J3 NC6-P108-02
